\BOOKMARK [0][-]{chapter.1}{Bevezet\351s}{}% 1
\BOOKMARK [1][-]{section.1.1}{Motiv\341ci\363}{chapter.1}% 2
\BOOKMARK [1][-]{section.1.2}{A programr\363l}{chapter.1}% 3
\BOOKMARK [0][-]{chapter.2}{Felhaszn\341l\363i dokument\341ci\363}{}% 4
\BOOKMARK [1][-]{section.2.1}{Minim\341lis rendszerk\366vetelm\351nyek}{chapter.2}% 5
\BOOKMARK [1][-]{section.2.2}{Raspberry Pi}{chapter.2}% 6
\BOOKMARK [2][-]{subsection.2.2.1}{Az eszk\366zrol}{section.2.2}% 7
\BOOKMARK [2][-]{subsection.2.2.2}{Beszerz\351s}{section.2.2}% 8
\BOOKMARK [2][-]{subsection.2.2.3}{Oper\341ci\363s rendszer telep\355t\351se Raspberry Pi eszk\366zre}{section.2.2}% 9
\BOOKMARK [2][-]{subsection.2.2.4}{L\341mpa csatlakoztat\341sa Raspberry Pi eszk\366zh\366z}{section.2.2}% 10
\BOOKMARK [1][-]{section.2.3}{Telep\355t\351s}{chapter.2}% 11
\BOOKMARK [2][-]{subsection.2.3.1}{Asztali \351s mobilos k\366rnyezetre}{section.2.3}% 12
\BOOKMARK [2][-]{subsection.2.3.2}{Raspberry Pi-re}{section.2.3}% 13
\BOOKMARK [1][-]{section.2.4}{Felhaszn\341l\363i esetek}{chapter.2}% 14
\BOOKMARK [2][-]{subsection.2.4.1}{Bejelentkez\351s}{section.2.4}% 15
\BOOKMARK [2][-]{subsection.2.4.2}{L\341mpa hozz\341ad\341sa}{section.2.4}% 16
\BOOKMARK [2][-]{subsection.2.4.3}{L\341mpa vez\351rl\351se}{section.2.4}% 17
\BOOKMARK [2][-]{subsection.2.4.4}{L\341mpa elt\341vol\355t\341sa}{section.2.4}% 18
\BOOKMARK [2][-]{subsection.2.4.5}{Statisztika megtekint\351se}{section.2.4}% 19
\BOOKMARK [2][-]{subsection.2.4.6}{Statisztika elozm\351nyek t\366rl\351se}{section.2.4}% 20
\BOOKMARK [2][-]{subsection.2.4.7}{Kijelentkez\351s a programb\363l}{section.2.4}% 21
\BOOKMARK [1][-]{section.2.5}{Felhaszn\341l\363i fel\374let}{chapter.2}% 22
\BOOKMARK [2][-]{subsection.2.5.1}{IoT Kliensalkalmaz\341s}{section.2.5}% 23
\BOOKMARK [2][-]{subsection.2.5.2}{Windows 10 kliensalkalmaz\341s}{section.2.5}% 24
\BOOKMARK [0][-]{chapter.3}{Fejlesztoi dokument\341ci\363}{}% 25
\BOOKMARK [1][-]{section.3.1}{\301ltal\341nos \341ttekint\351s}{chapter.3}% 26
\BOOKMARK [1][-]{section.3.2}{K\366vetelm\351nyek}{chapter.3}% 27
\BOOKMARK [2][-]{subsection.3.2.1}{Hardver}{section.3.2}% 28
\BOOKMARK [2][-]{subsection.3.2.2}{Szoftver}{section.3.2}% 29
\BOOKMARK [1][-]{section.3.3}{Forr\341sk\363d let\366lt\351se}{chapter.3}% 30
\BOOKMARK [2][-]{subsection.3.3.1}{Verzi\363kezel\351s}{section.3.3}% 31
\BOOKMARK [2][-]{subsection.3.3.2}{T\341rhely kl\363noz\341sa}{section.3.3}% 32
\BOOKMARK [1][-]{section.3.4}{Microsoft Azure}{chapter.3}% 33
\BOOKMARK [2][-]{subsection.3.4.1}{App Service l\351trehoz\341sa}{section.3.4}% 34
\BOOKMARK [2][-]{subsection.3.4.2}{Azure SQL adatb\341zis l\351tehoz\341sa}{section.3.4}% 35
\BOOKMARK [2][-]{subsection.3.4.3}{Azure Active Directory}{section.3.4}% 36
\BOOKMARK [1][-]{section.3.5}{Az alkalmaz\341s fel\351p\355t\351se}{chapter.3}% 37
\BOOKMARK [2][-]{subsection.3.5.1}{Szerver}{section.3.5}% 38
\BOOKMARK [2][-]{subsection.3.5.2}{IoT kliensalkalmaz\341s}{section.3.5}% 39
\BOOKMARK [2][-]{subsection.3.5.3}{Windows 10 kliensalkalmaz\341s}{section.3.5}% 40
